-------------------------------------------------------------------------------
Test set: edu.sc.bse3211.meetingplanner.RoomTest
-------------------------------------------------------------------------------
Tests run: 22, Failures: 0, Errors: 8, Skipped: 0, Time elapsed: 0.025 s <<< FAILURE! - in edu.sc.bse3211.meetingplanner.RoomTest
testRemoveNonExistentMeeting(edu.sc.bse3211.meetingplanner.RoomTest)  Time elapsed: 0 s  <<< ERROR!
java.lang.IndexOutOfBoundsException: Index 0 out of bounds for length 0
	at edu.sc.bse3211.meetingplanner.RoomTest.testRemoveNonExistentMeeting(RoomTest.java:148)

testPrintAgendaMonth(edu.sc.bse3211.meetingplanner.RoomTest)  Time elapsed: 0 s  <<< ERROR!
java.lang.NullPointerException: Cannot invoke "edu.sc.bse3211.meetingplanner.Room.getID()" because "this.room" is null
	at edu.sc.bse3211.meetingplanner.RoomTest.testPrintAgendaMonth(RoomTest.java:81)

testPrintAgendaDay(edu.sc.bse3211.meetingplanner.RoomTest)  Time elapsed: 0 s  <<< ERROR!
java.lang.NullPointerException: Cannot invoke "edu.sc.bse3211.meetingplanner.Room.getID()" because "this.room" is null
	at edu.sc.bse3211.meetingplanner.RoomTest.testPrintAgendaDay(RoomTest.java:90)

testAddConflictingMeeting(edu.sc.bse3211.meetingplanner.RoomTest)  Time elapsed: 0 s  <<< ERROR!
java.lang.Exception: Unexpected exception, expected<edu.sc.bse3211.meetingplanner.TimeConflictException> but was<java.lang.NullPointerException>
	at edu.sc.bse3211.meetingplanner.RoomTest.testAddConflictingMeeting(RoomTest.java:45)

testPartialOverlapMeeting(edu.sc.bse3211.meetingplanner.RoomTest)  Time elapsed: 0 s  <<< ERROR!
java.lang.Exception: Unexpected exception, expected<edu.sc.bse3211.meetingplanner.TimeConflictException> but was<java.lang.NullPointerException>
	at edu.sc.bse3211.meetingplanner.RoomTest.testPartialOverlapMeeting(RoomTest.java:186)

testGetNonExistentMeeting(edu.sc.bse3211.meetingplanner.RoomTest)  Time elapsed: 0 s  <<< ERROR!
java.lang.IndexOutOfBoundsException: Index 0 out of bounds for length 0
	at edu.sc.bse3211.meetingplanner.RoomTest.testGetNonExistentMeeting(RoomTest.java:154)

testEndOfDayMeeting(edu.sc.bse3211.meetingplanner.RoomTest)  Time elapsed: 0.002 s  <<< ERROR!
edu.sc.bse3211.meetingplanner.TimeConflictException: 
Conflict for room TestRoom:
Illegal hour.
	at edu.sc.bse3211.meetingplanner.RoomTest.testEndOfDayMeeting(RoomTest.java:124)

testExactSameTimeMeeting(edu.sc.bse3211.meetingplanner.RoomTest)  Time elapsed: 0.001 s  <<< ERROR!
java.lang.Exception: Unexpected exception, expected<edu.sc.bse3211.meetingplanner.TimeConflictException> but was<java.lang.NullPointerException>
	at edu.sc.bse3211.meetingplanner.RoomTest.testExactSameTimeMeeting(RoomTest.java:195)

