-------------------------------------------------------------------------------
Test set: edu.sc.bse3211.meetingplanner.PersonTest
-------------------------------------------------------------------------------
Tests run: 2, Failures: 1, Errors: 0, Skipped: 0, Time elapsed: 0.003 s <<< FAILURE! - in edu.sc.bse3211.meetingplanner.PersonTest
testParameterizedConstructor(edu.sc.bse3211.meetingplanner.PersonTest)  Time elapsed: 0.002 s  <<< FAILURE!
org.junit.ComparisonFailure: expected:<Alice[...]> but was:<Alice[]>
	at edu.sc.bse3211.meetingplanner.PersonTest.testParameterizedConstructor(PersonTest.java:24)

