-------------------------------------------------------------------------------
Test set: edu.sc.bse3211.meetingplanner.MeetingTest
-------------------------------------------------------------------------------
Tests run: 9, Failures: 1, Errors: 0, Skipped: 0, Time elapsed: 0.002 s <<< FAILURE! - in edu.sc.bse3211.meetingplanner.MeetingTest
testAttendeesNullSafety(edu.sc.bse3211.meetingplanner.MeetingTest)  Time elapsed: 0 s  <<< FAILURE!
java.lang.AssertionError: addAttendee should not throw an exception when attendees list is not initialized.
	at edu.sc.bse3211.meetingplanner.MeetingTest.testAttendeesNullSafety(MeetingTest.java:160)

