<?xml version="1.0" encoding="UTF-8"?>
<testsuite xmlns:xsi="http://www.w3.org/2001/XMLSchema-instance" xsi:noNamespaceSchemaLocation="https://maven.apache.org/surefire/maven-surefire-plugin/xsd/surefire-test-report.xsd" name="edu.sc.bse3211.meetingplanner.PersonTest" time="0.014" tests="23" errors="0" skipped="0" failures="2">
  <properties>
    <property name="java.specification.version" value="19"/>
    <property name="sun.cpu.isalist" value="amd64"/>
    <property name="sun.jnu.encoding" value="Cp1252"/>
    <property name="java.class.path" value="c:\Users\HP PROBOOK\Desktop\Group 3 meetingplanner\meetingplanner\target\test-classes;c:\Users\HP PROBOOK\Desktop\Group 3 meetingplanner\meetingplanner\target\classes;C:\Users\HP PROBOOK\.m2\repository\junit\junit\4.11\junit-4.11.jar;C:\Users\HP PROBOOK\.m2\repository\org\hamcrest\hamcrest-core\1.3\hamcrest-core-1.3.jar;"/>
    <property name="java.vm.vendor" value="Oracle Corporation"/>
    <property name="sun.arch.data.model" value="64"/>
    <property name="user.variant" value=""/>
    <property name="java.vendor.url" value="https://java.oracle.com/"/>
    <property name="user.timezone" value="Africa/Kampala"/>
    <property name="user.country.format" value="UG"/>
    <property name="os.name" value="Windows 11"/>
    <property name="java.vm.specification.version" value="19"/>
    <property name="sun.java.launcher" value="SUN_STANDARD"/>
    <property name="user.country" value="US"/>
    <property name="sun.boot.library.path" value="C:\Program Files\Java\jdk-19\bin"/>
    <property name="sun.java.command" value="C:\Users\HPPROB~1\AppData\Local\Temp\surefire12889852908243859476\surefirebooter9541176331334058115.jar C:\Users\HP PROBOOK\AppData\Local\Temp\surefire12889852908243859476 2025-04-10T22-28-12_902-jvmRun1 surefire9030209411632164851tmp surefire_04481972614319519056tmp"/>
    <property name="jdk.debug" value="release"/>
    <property name="surefire.test.class.path" value="c:\Users\HP PROBOOK\Desktop\Group 3 meetingplanner\meetingplanner\target\test-classes;c:\Users\HP PROBOOK\Desktop\Group 3 meetingplanner\meetingplanner\target\classes;C:\Users\HP PROBOOK\.m2\repository\junit\junit\4.11\junit-4.11.jar;C:\Users\HP PROBOOK\.m2\repository\org\hamcrest\hamcrest-core\1.3\hamcrest-core-1.3.jar;"/>
    <property name="sun.cpu.endian" value="little"/>
    <property name="user.home" value="C:\Users\HP PROBOOK"/>
    <property name="user.language" value="en"/>
    <property name="java.specification.vendor" value="Oracle Corporation"/>
    <property name="java.version.date" value="2022-10-18"/>
    <property name="java.home" value="C:\Program Files\Java\jdk-19"/>
    <property name="file.separator" value="\"/>
    <property name="basedir" value="c:\Users\HP PROBOOK\Desktop\Group 3 meetingplanner\meetingplanner"/>
    <property name="java.vm.compressedOopsMode" value="Zero based"/>
    <property name="line.separator" value="&#10;"/>
    <property name="java.vm.specification.vendor" value="Oracle Corporation"/>
    <property name="java.specification.name" value="Java Platform API Specification"/>
    <property name="surefire.real.class.path" value="C:\Users\HPPROB~1\AppData\Local\Temp\surefire12889852908243859476\surefirebooter9541176331334058115.jar"/>
    <property name="user.script" value=""/>
    <property name="sun.management.compiler" value="HotSpot 64-Bit Tiered Compilers"/>
    <property name="java.runtime.version" value="19.0.1+10-21"/>
    <property name="user.name" value="HP PROBOOK"/>
    <property name="stdout.encoding" value="Cp1252"/>
    <property name="path.separator" value=";"/>
    <property name="os.version" value="10.0"/>
    <property name="java.runtime.name" value="Java(TM) SE Runtime Environment"/>
    <property name="file.encoding" value="UTF-8"/>
    <property name="java.vm.name" value="Java HotSpot(TM) 64-Bit Server VM"/>
    <property name="localRepository" value="C:\Users\HP PROBOOK\.m2\repository"/>
    <property name="java.vendor.url.bug" value="https://bugreport.java.com/bugreport/"/>
    <property name="java.io.tmpdir" value="C:\Users\HPPROB~1\AppData\Local\Temp\"/>
    <property name="java.version" value="19.0.1"/>
    <property name="user.dir" value="c:\Users\HP PROBOOK\Desktop\Group 3 meetingplanner\meetingplanner"/>
    <property name="os.arch" value="amd64"/>
    <property name="java.vm.specification.name" value="Java Virtual Machine Specification"/>
    <property name="sun.os.patch.level" value=""/>
    <property name="native.encoding" value="Cp1252"/>
    <property name="java.library.path" value="C:\Program Files\Java\jdk-19\bin;C:\WINDOWS\Sun\Java\bin;C:\WINDOWS\system32;C:\WINDOWS;C:\Program Files (x86)\Common Files\Intel\Shared Libraries\redist\intel64_win\compiler;C:\Program Files (x86)\Common Files\Intel\Shared Libraries\redist\intel64\compiler;C:\tools\php83;C:\ProgramData\chocolatey\bin;C:\Users\HP PROBOOK\.bun\bin;C:\sqlite;C:\Program Files\PostgreSQL\16\bin;C:\Program Files\Common Files\Oracle\Java\javapath;C:\Program Files (x86)\Common Files\Oracle\Java\javapath;C:\WINDOWS\system32;C:\WINDOWS;C:\WINDOWS\System32\Wbem;C:\WINDOWS\System32\WindowsPowerShell\v1.0\;C:\WINDOWS\System32\OpenSSH\;C:\Program Files\Git\cmd;C:\Program Files\Java\jdk-19\bin;C:\xampp\php;C:\Users\HP PROBOOK\AppData\Local\Programs\Python;C:\Users\HP PROBOOK\AppData\Local\Programs\Python\Python312\Scripts;C:\Program Files\Docker\Docker\resources\bin;C:\Program Files\nodejs\;C:\Program Files\dotnet\;D:\apache-maven-3.9.9-bin\apache-maven-3.9.9\bin;."/>
    <property name="java.vm.info" value="mixed mode, sharing"/>
    <property name="stderr.encoding" value="Cp1252"/>
    <property name="java.vendor" value="Oracle Corporation"/>
    <property name="java.vm.version" value="19.0.1+10-21"/>
    <property name="sun.io.unicode.encoding" value="UnicodeLittle"/>
    <property name="java.class.version" value="63.0"/>
  </properties>
  <testcase name="testAddMeetingWithNoRoom" classname="edu.sc.bse3211.meetingplanner.PersonTest" time="0"/>
  <testcase name="testPrintAgendaMonth" classname="edu.sc.bse3211.meetingplanner.PersonTest" time="0"/>
  <testcase name="testPrintAgendaValid" classname="edu.sc.bse3211.meetingplanner.PersonTest" time="0"/>
  <testcase name="testPrintAgendaDay" classname="edu.sc.bse3211.meetingplanner.PersonTest" time="0"/>
  <testcase name="testPrintAgendaMonthWithMultipleDays" classname="edu.sc.bse3211.meetingplanner.PersonTest" time="0"/>
  <testcase name="testAddMeetingWithEmptyAttendees" classname="edu.sc.bse3211.meetingplanner.PersonTest" time="0"/>
  <testcase name="testAddBackToBackMeetings" classname="edu.sc.bse3211.meetingplanner.PersonTest" time="0"/>
  <testcase name="testConstructorWithName" classname="edu.sc.bse3211.meetingplanner.PersonTest" time="0"/>
  <testcase name="testGetName" classname="edu.sc.bse3211.meetingplanner.PersonTest" time="0"/>
  <testcase name="testMultipleMeetings" classname="edu.sc.bse3211.meetingplanner.PersonTest" time="0"/>
  <testcase name="testAddMeetingConflictDiagnostic" classname="edu.sc.bse3211.meetingplanner.PersonTest" time="0">
    <failure message="Exception message should contain the person&apos;s name" type="java.lang.AssertionError">java.lang.AssertionError: Exception message should contain the person's name
	at edu.sc.bse3211.meetingplanner.PersonTest.testAddMeetingConflictDiagnostic(PersonTest.java:185)
</failure>
  </testcase>
  <testcase name="testRemoveMeeting" classname="edu.sc.bse3211.meetingplanner.PersonTest" time="0"/>
  <testcase name="testEmptyAgenda" classname="edu.sc.bse3211.meetingplanner.PersonTest" time="0">
    <failure message="Empty agenda should return an empty string" type="java.lang.AssertionError">java.lang.AssertionError: Empty agenda should return an empty string
	at edu.sc.bse3211.meetingplanner.PersonTest.testEmptyAgenda(PersonTest.java:154)
</failure>
  </testcase>
  <testcase name="testAddMeetingConflict" classname="edu.sc.bse3211.meetingplanner.PersonTest" time="0.001"/>
  <testcase name="testPrintAgendaNoMeetings" classname="edu.sc.bse3211.meetingplanner.PersonTest" time="0"/>
  <testcase name="testPrintAgendaFormat" classname="edu.sc.bse3211.meetingplanner.PersonTest" time="0"/>
  <testcase name="testAddTwoNonConflictingMeetings" classname="edu.sc.bse3211.meetingplanner.PersonTest" time="0"/>
  <testcase name="testGetMeeting" classname="edu.sc.bse3211.meetingplanner.PersonTest" time="0.003"/>
  <testcase name="testIsBusy" classname="edu.sc.bse3211.meetingplanner.PersonTest" time="0"/>
  <testcase name="testAddValidMeeting" classname="edu.sc.bse3211.meetingplanner.PersonTest" time="0"/>
  <testcase name="testAddMeetingOnDifferentDay" classname="edu.sc.bse3211.meetingplanner.PersonTest" time="0"/>
  <testcase name="testDefaultConstructor" classname="edu.sc.bse3211.meetingplanner.PersonTest" time="0"/>
  <testcase name="testAddMeeting" classname="edu.sc.bse3211.meetingplanner.PersonTest" time="0"/>
</testsuite>