<?xml version="1.0" encoding="UTF-8"?>
<testsuite xmlns:xsi="http://www.w3.org/2001/XMLSchema-instance" xsi:noNamespaceSchemaLocation="https://maven.apache.org/surefire/maven-surefire-plugin/xsd/surefire-test-report.xsd" name="edu.sc.bse3211.meetingplanner.RoomTest" time="0.022" tests="21" errors="0" skipped="0" failures="6">
  <properties>
[...]
</properties>
  <testcase name="testRemoveNonExistentMeeting" classname="edu.sc.bse3211.meetingplanner.RoomTest" time="0.001"/>
  <testcase name="testLastDayOfMonthMeeting" classname="edu.sc.bse3211.meetingplanner.RoomTest" time="0"/>
  <testcase name="testInvalidMeetingParameters" classname="edu.sc.bse3211.meetingplanner.RoomTest" time="0"/>
  <testcase name="testMidnightMeeting" classname="edu.sc.bse3211.meetingplanner.RoomTest" time="0"/>
  <testcase name="testPrintAgendaMonth" classname="edu.sc.bse3211.meetingplanner.RoomTest" time="0">
    <failure message="Agenda should indicate no meetings if no meetings are scheduled" type="java.lang.AssertionError">java.lang.AssertionError: Agenda should indicate no meetings if no meetings are scheduled
	at edu.sc.bse3211.meetingplanner.RoomTest.testPrintAgendaMonth(RoomTest.java:78)
</failure>
  </testcase>
  <testcase name="testPrintAgendaDay" classname="edu.sc.bse3211.meetingplanner.RoomTest" time="0">
    <failure message="Agenda should indicate no meetings if no meetings are scheduled" type="java.lang.AssertionError">java.lang.AssertionError: Agenda should indicate no meetings if no meetings are scheduled
	at edu.sc.bse3211.meetingplanner.RoomTest.testPrintAgendaDay(RoomTest.java:89)
</failure>
  </testcase>
  <testcase name="testPartialOverlapMeeting" classname="edu.sc.bse3211.meetingplanner.RoomTest" time="0.001">
    <failure message="Unexpected exception: NullPointerException" type="java.lang.AssertionError">java.lang.AssertionError: Unexpected exception: NullPointerException
	at edu.sc.bse3211.meetingplanner.RoomTest.testPartialOverlapMeeting(RoomTest.java:211)
</failure>
  </testcase>
  <testcase name="testIsBusyWithMeeting" classname="edu.sc.bse3211.meetingplanner.RoomTest" time="0.001"/>
  <testcase name="testRemoveMeeting" classname="edu.sc.bse3211.meetingplanner.RoomTest" time="0"/>
  <testcase name="testConstructorWithID" classname="edu.sc.bse3211.meetingplanner.RoomTest" time="0.005"/>
  <testcase name="testGetNonExistentMeeting" classname="edu.sc.bse3211.meetingplanner.RoomTest" time="0.002">
    <failure message="Unexpected IndexOutOfBoundsException: Index 0 out of bounds for length 0" type="java.lang.AssertionError">java.lang.AssertionError: Unexpected IndexOutOfBoundsException: Index 0 out of bounds for length 0
	at edu.sc.bse3211.meetingplanner.RoomTest.testGetNonExistentMeeting(RoomTest.java:169)
</failure>
  </testcase>
  <testcase name="testEndOfDayMeeting" classname="edu.sc.bse3211.meetingplanner.RoomTest" time="0.006">
    <failure message="TimeConflictException should not be thrown for end of day meeting." type="java.lang.AssertionError">java.lang.AssertionError: TimeConflictException should not be thrown for end of day meeting.
	at edu.sc.bse3211.meetingplanner.RoomTest.testEndOfDayMeeting(RoomTest.java:126)
</failure>
  </testcase>
  <testcase name="testSameDayDifferentMonths" classname="edu.sc.bse3211.meetingplanner.RoomTest" time="0"/>
  <testcase name="testIsBusyNoMeetings" classname="edu.sc.bse3211.meetingplanner.RoomTest" time="0"/>
  <testcase name="testGetMeeting" classname="edu.sc.bse3211.meetingplanner.RoomTest" time="0"/>
  <testcase name="testFirstDayOfMonthMeeting" classname="edu.sc.bse3211.meetingplanner.RoomTest" time="0"/>
  <testcase name="testMultipleMeetingsDifferentDays" classname="edu.sc.bse3211.meetingplanner.RoomTest" time="0"/>
  <testcase name="testExactSameTimeMeeting" classname="edu.sc.bse3211.meetingplanner.RoomTest" time="0">
    <failure message="Unexpected exception: java.lang.NullPointerException" type="java.lang.AssertionError">java.lang.AssertionError: Unexpected exception: java.lang.NullPointerException
	at edu.sc.bse3211.meetingplanner.RoomTest.testExactSameTimeMeeting(RoomTest.java:230)
</failure>
  </testcase>
  <testcase name="testAddValidMeeting" classname="edu.sc.bse3211.meetingplanner.RoomTest" time="0"/>
  <testcase name="testDefaultConstructor" classname="edu.sc.bse3211.meetingplanner.RoomTest" time="0"/>
  <testcase name="testSameTimeDifferentDays" classname="edu.sc.bse3211.meetingplanner.RoomTest" time="0"/>
</testsuite>