<?xml version="1.0" encoding="UTF-8"?>
<testsuite xmlns:xsi="http://www.w3.org/2001/XMLSchema-instance" xsi:noNamespaceSchemaLocation="https://maven.apache.org/surefire/maven-surefire-plugin/xsd/surefire-test-report.xsd" name="edu.sc.bse3211.meetingplanner.PersonTest" time="0.014" tests="23" errors="0" skipped="0" failures="2">
  <properties>
[...]
</properties>
  <testcase name="testAddMeetingWithNoRoom" classname="edu.sc.bse3211.meetingplanner.PersonTest" time="0"/>
  <testcase name="testPrintAgendaMonth" classname="edu.sc.bse3211.meetingplanner.PersonTest" time="0"/>
  <testcase name="testPrintAgendaValid" classname="edu.sc.bse3211.meetingplanner.PersonTest" time="0"/>
  <testcase name="testPrintAgendaDay" classname="edu.sc.bse3211.meetingplanner.PersonTest" time="0"/>
  <testcase name="testPrintAgendaMonthWithMultipleDays" classname="edu.sc.bse3211.meetingplanner.PersonTest" time="0"/>
  <testcase name="testAddMeetingWithEmptyAttendees" classname="edu.sc.bse3211.meetingplanner.PersonTest" time="0"/>
  <testcase name="testAddBackToBackMeetings" classname="edu.sc.bse3211.meetingplanner.PersonTest" time="0"/>
  <testcase name="testConstructorWithName" classname="edu.sc.bse3211.meetingplanner.PersonTest" time="0"/>
  <testcase name="testGetName" classname="edu.sc.bse3211.meetingplanner.PersonTest" time="0"/>
  <testcase name="testMultipleMeetings" classname="edu.sc.bse3211.meetingplanner.PersonTest" time="0"/>
  <testcase name="testAddMeetingConflictDiagnostic" classname="edu.sc.bse3211.meetingplanner.PersonTest" time="0">
    <failure message="Exception message should contain the person&apos;s name" type="java.lang.AssertionError">java.lang.AssertionError: Exception message should contain the person's name
	at edu.sc.bse3211.meetingplanner.PersonTest.testAddMeetingConflictDiagnostic(PersonTest.java:185)
</failure>
  </testcase>
  <testcase name="testRemoveMeeting" classname="edu.sc.bse3211.meetingplanner.PersonTest" time="0"/>
  <testcase name="testEmptyAgenda" classname="edu.sc.bse3211.meetingplanner.PersonTest" time="0">
    <failure message="Empty agenda should return an empty string" type="java.lang.AssertionError">java.lang.AssertionError: Empty agenda should return an empty string
	at edu.sc.bse3211.meetingplanner.PersonTest.testEmptyAgenda(PersonTest.java:154)
</failure>
  </testcase>
  <testcase name="testAddMeetingConflict" classname="edu.sc.bse3211.meetingplanner.PersonTest" time="0.001"/>
  <testcase name="testPrintAgendaNoMeetings" classname="edu.sc.bse3211.meetingplanner.PersonTest" time="0"/>
  <testcase name="testPrintAgendaFormat" classname="edu.sc.bse3211.meetingplanner.PersonTest" time="0"/>
  <testcase name="testAddTwoNonConflictingMeetings" classname="edu.sc.bse3211.meetingplanner.PersonTest" time="0"/>
  <testcase name="testGetMeeting" classname="edu.sc.bse3211.meetingplanner.PersonTest" time="0.003"/>
  <testcase name="testIsBusy" classname="edu.sc.bse3211.meetingplanner.PersonTest" time="0"/>
  <testcase name="testAddValidMeeting" classname="edu.sc.bse3211.meetingplanner.PersonTest" time="0"/>
  <testcase name="testAddMeetingOnDifferentDay" classname="edu.sc.bse3211.meetingplanner.PersonTest" time="0"/>
  <testcase name="testDefaultConstructor" classname="edu.sc.bse3211.meetingplanner.PersonTest" time="0"/>
  <testcase name="testAddMeeting" classname="edu.sc.bse3211.meetingplanner.PersonTest" time="0"/>
</testsuite>